<?xml version="1.0" encoding="UTF-8"?>
<!-- Generated by org.testng.reporters.JUnitXMLReporter -->
<testsuite ignored="0" hostname="DESKTOP-971REMV" failures="2" tests="14" name="LinkedinTest" time="95.236" errors="0" timestamp="2022-11-03T01:22:13 GMT">
  <testcase classname="com.qa.linkedin.testcases.LinkedInHomePageTest" name="verifyLinkedinHomePageTitleTest" time="0.024"/>
  <testcase classname="com.qa.linkedin.testcases.LinkedInHomePageTest" name="verifyLinkedinLogoTest" time="0.037"/>
  <testcase classname="com.qa.linkedin.testcases.LinkedInLoginPageTest" name="navigateToLoginPageTest" time="1.08"/>
  <testcase classname="com.qa.linkedin.testcases.LinkedInLoginPageTest" name="verifyLinkedinLoginPageTitleTest" time="0.031"/>
  <testcase classname="com.qa.linkedin.testcases.LinkedInLoginPageTest" name="verifyLinkedinSigninHeaderTextTest" time="0.033"/>
  <testcase classname="com.qa.linkedin.testcases.LinkedInFeedPageTest" name="doLogoutTest" time="62.223">
    <failure type="org.openqa.selenium.TimeoutException" message="Expected condition failed: waiting for visibility of Proxy element for: DefaultElementLocator &amp;apos;By.cssSelector: img[class*=&amp;apos;global-nav__me-photo ghost-person ember-view&amp;apos;]&amp;apos; (tried for 45 second(s) with 500 milliseconds interval)">
      <![CDATA[org.openqa.selenium.TimeoutException: Expected condition failed: waiting for visibility of Proxy element for: DefaultElementLocator 'By.cssSelector: img[class*='global-nav__me-photo ghost-person ember-view']' (tried for 45 second(s) with 500 milliseconds interval)
at org.openqa.selenium.support.ui.WebDriverWait.timeoutException(WebDriverWait.java:87)
at org.openqa.selenium.support.ui.FluentWait.until(FluentWait.java:231)
at com.qa.linkedin.pages.LinkedInFeedPage.doSignOut(LinkedInFeedPage.java:48)
at com.qa.linkedin.testcases.LinkedInFeedPageTest.doLogoutTest(LinkedInFeedPageTest.java:52)
at java.base/java.util.ArrayList.forEach(ArrayList.java:1541)
Caused by: org.openqa.selenium.NoSuchElementException: no such element: Unable to locate element: {"method":"css selector","selector":"img[class*='global-nav__me-photo ghost-person ember-view']"}
  (Session info: chrome=107.0.5304.88)
For documentation on this error, please visit: https://selenium.dev/exceptions/#no_such_element
Build info: version: '4.5.2', revision: '702c64f787c'
System info: os.name: 'Windows 10', os.arch: 'amd64', os.version: '10.0', java.version: '11.0.13'
Driver info: org.openqa.selenium.chrome.ChromeDriver
Command: [06c96d38adccc233e3df287c7a7da10e, findElement {using=css selector, value=img[class*='global-nav__me-photo ghost-person ember-view']}]
Capabilities {acceptInsecureCerts: false, browserName: chrome, browserVersion: 107.0.5304.88, chrome: {chromedriverVersion: 107.0.5304.62 (1eec40d3a576..., userDataDir: C:\Users\kskd7\AppData\Loca...}, goog:chromeOptions: {debuggerAddress: localhost:55715}, networkConnectionEnabled: false, pageLoadStrategy: normal, platformName: WINDOWS, proxy: Proxy(), se:cdp: ws://localhost:55715/devtoo..., se:cdpVersion: 107.0.5304.88, setWindowRect: true, strictFileInteractability: false, timeouts: {implicit: 0, pageLoad: 300000, script: 30000}, unhandledPromptBehavior: dismiss and notify, webauthn:extension:credBlob: true, webauthn:extension:largeBlob: true, webauthn:virtualAuthenticators: true}
Session ID: 06c96d38adccc233e3df287c7a7da10e
at org.openqa.selenium.remote.codec.w3c.W3CHttpResponseCodec.createException(W3CHttpResponseCodec.java:200)
at org.openqa.selenium.remote.codec.w3c.W3CHttpResponseCodec.decode(W3CHttpResponseCodec.java:133)
at org.openqa.selenium.remote.codec.w3c.W3CHttpResponseCodec.decode(W3CHttpResponseCodec.java:53)
at org.openqa.selenium.remote.HttpCommandExecutor.execute(HttpCommandExecutor.java:184)
at org.openqa.selenium.remote.service.DriverCommandExecutor.invokeExecute(DriverCommandExecutor.java:167)
at org.openqa.selenium.remote.service.DriverCommandExecutor.execute(DriverCommandExecutor.java:142)
at org.openqa.selenium.remote.RemoteWebDriver.execute(RemoteWebDriver.java:541)
at org.openqa.selenium.remote.ElementLocation$ElementFinder$2.findElement(ElementLocation.java:162)
at org.openqa.selenium.remote.ElementLocation.findElement(ElementLocation.java:60)
at org.openqa.selenium.remote.RemoteWebDriver.findElement(RemoteWebDriver.java:365)
at org.openqa.selenium.remote.RemoteWebDriver.findElement(RemoteWebDriver.java:357)
at org.openqa.selenium.support.pagefactory.DefaultElementLocator.findElement(DefaultElementLocator.java:70)
at org.openqa.selenium.support.pagefactory.internal.LocatingElementHandler.invoke(LocatingElementHandler.java:39)
at com.sun.proxy.$Proxy21.isDisplayed(Unknown Source)
at org.openqa.selenium.support.ui.ExpectedConditions.elementIfVisible(ExpectedConditions.java:307)
at org.openqa.selenium.support.ui.ExpectedConditions.access$000(ExpectedConditions.java:40)
at org.openqa.selenium.support.ui.ExpectedConditions$10.apply(ExpectedConditions.java:293)
at org.openqa.selenium.support.ui.ExpectedConditions$10.apply(ExpectedConditions.java:290)
at org.openqa.selenium.support.ui.FluentWait.until(FluentWait.java:208)
... 30 more
... Removed 31 stack frames]]>
    </failure>
  </testcase> <!-- doLogoutTest -->
  <testcase classname="com.qa.linkedin.testcases.LinkedInFeedPageTest" name="navigateToLoginPageTest" time="1.423"/>
  <testcase classname="com.qa.linkedin.testcases.LinkedInFeedPageTest" name="doLoginTest" time="8.067"/>
  <testcase classname="com.qa.linkedin.testcases.LinkedInFeedPageTest" name="verifyFeedPageTitleTest" time="0.008"/>
  <testcase classname="com.qa.linkedin.testcases.LinkedInFeedPageTest" name="verifyProfileRailCardTest" time="0.027"/>
  <testcase classname="com.qa.linkedin.testcases.LinkedInSearchResultsPageTest" name="navigateToLoginPageTest" time="0.831"/>
  <testcase classname="com.qa.linkedin.testcases.LinkedInSearchResultsPageTest" name="doLoginTest" time="6.968"/>
  <testcase classname="com.qa.linkedin.testcases.LinkedInSearchResultsPageTest" name="doPeoplesSearchTest" time="0.0">
    <failure type="java.lang.RuntimeException" message="java.lang.NoSuchMethodError: org.apache.logging.log4j.Logger.atDebug()Lorg/apache/logging/log4j/LogBuilder;">
      <![CDATA[java.lang.RuntimeException: java.lang.NoSuchMethodError: org.apache.logging.log4j.Logger.atDebug()Lorg/apache/logging/log4j/LogBuilder;
at java.base/java.util.ArrayList.forEach(ArrayList.java:1541)
Caused by: java.lang.NoSuchMethodError: org.apache.logging.log4j.Logger.atDebug()Lorg/apache/logging/log4j/LogBuilder;
at org.apache.poi.openxml4j.opc.PackageRelationshipCollection.parseRelationshipsPart(PackageRelationshipCollection.java:300)
at org.apache.poi.openxml4j.opc.PackageRelationshipCollection.<init>(PackageRelationshipCollection.java:159)
at org.apache.poi.openxml4j.opc.PackageRelationshipCollection.<init>(PackageRelationshipCollection.java:129)
at org.apache.poi.openxml4j.opc.PackagePart.loadRelationships(PackagePart.java:566)
at org.apache.poi.openxml4j.opc.OPCPackage.getParts(OPCPackage.java:742)
at org.apache.poi.openxml4j.opc.OPCPackage.open(OPCPackage.java:315)
at org.apache.poi.ooxml.util.PackageHelper.open(PackageHelper.java:47)
at org.apache.poi.xssf.usermodel.XSSFWorkbook.<init>(XSSFWorkbook.java:296)
at com.qa.linkedin.util.ExcelUtils.getTestData(ExcelUtils.java:38)
at com.qa.linkedin.testcases.LinkedInSearchResultsPageTest.getData(LinkedInSearchResultsPageTest.java:60)
... 25 more
... Removed 32 stack frames]]>
    </failure>
  </testcase> <!-- doPeoplesSearchTest -->
  <testcase classname="com.qa.linkedin.testcases.LinkedInSearchResultsPageTest" name="doLogoutTest" time="0.0">
    <skipped/>
  </testcase> <!-- doLogoutTest -->
</testsuite> <!-- LinkedinTest -->
