<!DOCTYPE html PUBLIC "-//W3C//DTD XHTML 1.1//EN" "https://www.w3.org/TR/xhtml11/DTD/xhtml11.dtd">
<html xmlns="https://www.w3.org/1999/xhtml">
<head>
<meta http-equiv="content-type" content="text/html; charset=UTF-8"/>
<title>TestNG Report</title>
<style type="text/css">table {margin-bottom:10px;border-collapse:collapse;empty-cells:show}th,td {border:1px solid #009;padding:.25em .5em}th {vertical-align:bottom}td {vertical-align:top}table a {font-weight:bold}.stripe td {background-color: #E6EBF9}.num {text-align:right}.passedodd td {background-color: #3F3}.passedeven td {background-color: #0A0}.skippedodd td {background-color: #DDD}.skippedeven td {background-color: #CCC}.failedodd td,.attn {background-color: #F33}.failedeven td,.stripe .attn {background-color: #D00}.stacktrace {white-space:pre;font-family:monospace}.totop {font-size:85%;text-align:center;border-bottom:2px solid #000}.invisible {display:none}</style>
</head>
<body>
<table>
<tr><th>Test</th><th># Passed</th><th># Skipped</th><th># Retried</th><th># Failed</th><th>Time (ms)</th><th>Included Groups</th><th>Excluded Groups</th></tr>
<tr><th colspan="8">LinkedinSuite</th></tr>
<tr><td><a href="#t0">LinkedinTest</a></td><td class="num">11</td><td class="num attn">1</td><td class="num">0</td><td class="num attn">2</td><td class="num">95,236</td><td></td><td></td></tr>
</table>
<table id='summary'><thead><tr><th>Class</th><th>Method</th><th>Start</th><th>Time (ms)</th></tr></thead><tbody><tr><th colspan="4">LinkedinSuite</th></tr></tbody><tbody id="t0"><tr><th colspan="4">LinkedinTest &#8212; failed</th></tr><tr class="failedeven"><td rowspan="1">com.qa.linkedin.testcases.LinkedInFeedPageTest</td><td><a href="#m0">doLogoutTest</a></td><td rowspan="1">1667438449187</td><td rowspan="1">62223</td></tr><tr class="failedodd"><td rowspan="1">com.qa.linkedin.testcases.LinkedInSearchResultsPageTest</td><td><a href="#m1">doPeoplesSearchTest</a></td><td rowspan="1">1667438532052</td><td rowspan="1">0</td></tr><tr><th colspan="4">LinkedinTest &#8212; skipped</th></tr><tr class="skippedeven"><td rowspan="1">com.qa.linkedin.testcases.LinkedInSearchResultsPageTest</td><td><a href="#m2">doLogoutTest</a></td><td rowspan="1">1667438532374</td><td rowspan="1">0</td></tr><tr><th colspan="4">LinkedinTest &#8212; passed</th></tr><tr class="passedeven"><td rowspan="4">com.qa.linkedin.testcases.LinkedInFeedPageTest</td><td><a href="#m3">doLoginTest</a></td><td rowspan="1">1667438513046</td><td rowspan="1">8067</td></tr><tr class="passedeven"><td><a href="#m4">navigateToLoginPageTest</a></td><td rowspan="1">1667438511616</td><td rowspan="1">1423</td></tr><tr class="passedeven"><td><a href="#m5">verifyFeedPageTitleTest</a></td><td rowspan="1">1667438521115</td><td rowspan="1">8</td></tr><tr class="passedeven"><td><a href="#m6">verifyProfileRailCardTest</a></td><td rowspan="1">1667438521127</td><td rowspan="1">27</td></tr><tr class="passedodd"><td rowspan="2">com.qa.linkedin.testcases.LinkedInHomePageTest</td><td><a href="#m7">verifyLinkedinHomePageTitleTest</a></td><td rowspan="1">1667438441366</td><td rowspan="1">24</td></tr><tr class="passedodd"><td><a href="#m8">verifyLinkedinLogoTest</a></td><td rowspan="1">1667438441396</td><td rowspan="1">37</td></tr><tr class="passedeven"><td rowspan="3">com.qa.linkedin.testcases.LinkedInLoginPageTest</td><td><a href="#m9">navigateToLoginPageTest</a></td><td rowspan="1">1667438444900</td><td rowspan="1">1080</td></tr><tr class="passedeven"><td><a href="#m10">verifyLinkedinLoginPageTitleTest</a></td><td rowspan="1">1667438445983</td><td rowspan="1">31</td></tr><tr class="passedeven"><td><a href="#m11">verifyLinkedinSigninHeaderTextTest</a></td><td rowspan="1">1667438446015</td><td rowspan="1">33</td></tr><tr class="passedodd"><td rowspan="2">com.qa.linkedin.testcases.LinkedInSearchResultsPageTest</td><td><a href="#m12">doLoginTest</a></td><td rowspan="1">1667438524929</td><td rowspan="1">6968</td></tr><tr class="passedodd"><td><a href="#m13">navigateToLoginPageTest</a></td><td rowspan="1">1667438524096</td><td rowspan="1">831</td></tr></tbody>
</table>
<h2>LinkedinTest</h2><h3 id="m0">com.qa.linkedin.testcases.LinkedInFeedPageTest#doLogoutTest</h3><table class="result"><tr><th>Exception</th></tr><tr><td><div class="stacktrace">org.openqa.selenium.TimeoutException: Expected condition failed: waiting for visibility of Proxy element for: DefaultElementLocator &apos;By.cssSelector: img[class*=&apos;global-nav__me-photo ghost-person ember-view&apos;]&apos; (tried for 45 second(s) with 500 milliseconds interval)
	at org.openqa.selenium.support.ui.WebDriverWait.timeoutException(WebDriverWait.java:87)
	at org.openqa.selenium.support.ui.FluentWait.until(FluentWait.java:231)
	at com.qa.linkedin.pages.LinkedInFeedPage.doSignOut(LinkedInFeedPage.java:48)
	at com.qa.linkedin.testcases.LinkedInFeedPageTest.doLogoutTest(LinkedInFeedPageTest.java:52)
	at java.base/java.util.ArrayList.forEach(ArrayList.java:1541)
Caused by: org.openqa.selenium.NoSuchElementException: no such element: Unable to locate element: {&quot;method&quot;:&quot;css selector&quot;,&quot;selector&quot;:&quot;img[class*=&apos;global-nav__me-photo ghost-person ember-view&apos;]&quot;}
  (Session info: chrome=107.0.5304.88)
For documentation on this error, please visit: https://selenium.dev/exceptions/#no_such_element
Build info: version: &apos;4.5.2&apos;, revision: &apos;702c64f787c&apos;
System info: os.name: &apos;Windows 10&apos;, os.arch: &apos;amd64&apos;, os.version: &apos;10.0&apos;, java.version: &apos;11.0.13&apos;
Driver info: org.openqa.selenium.chrome.ChromeDriver
Command: [06c96d38adccc233e3df287c7a7da10e, findElement {using=css selector, value=img[class*=&apos;global-nav__me-photo ghost-person ember-view&apos;]}]
Capabilities {acceptInsecureCerts: false, browserName: chrome, browserVersion: 107.0.5304.88, chrome: {chromedriverVersion: 107.0.5304.62 (1eec40d3a576..., userDataDir: C:\Users\kskd7\AppData\Loca...}, goog:chromeOptions: {debuggerAddress: localhost:55715}, networkConnectionEnabled: false, pageLoadStrategy: normal, platformName: WINDOWS, proxy: Proxy(), se:cdp: ws://localhost:55715/devtoo..., se:cdpVersion: 107.0.5304.88, setWindowRect: true, strictFileInteractability: false, timeouts: {implicit: 0, pageLoad: 300000, script: 30000}, unhandledPromptBehavior: dismiss and notify, webauthn:extension:credBlob: true, webauthn:extension:largeBlob: true, webauthn:virtualAuthenticators: true}
Session ID: 06c96d38adccc233e3df287c7a7da10e
	at org.openqa.selenium.remote.codec.w3c.W3CHttpResponseCodec.createException(W3CHttpResponseCodec.java:200)
	at org.openqa.selenium.remote.codec.w3c.W3CHttpResponseCodec.decode(W3CHttpResponseCodec.java:133)
	at org.openqa.selenium.remote.codec.w3c.W3CHttpResponseCodec.decode(W3CHttpResponseCodec.java:53)
	at org.openqa.selenium.remote.HttpCommandExecutor.execute(HttpCommandExecutor.java:184)
	at org.openqa.selenium.remote.service.DriverCommandExecutor.invokeExecute(DriverCommandExecutor.java:167)
	at org.openqa.selenium.remote.service.DriverCommandExecutor.execute(DriverCommandExecutor.java:142)
	at org.openqa.selenium.remote.RemoteWebDriver.execute(RemoteWebDriver.java:541)
	at org.openqa.selenium.remote.ElementLocation$ElementFinder$2.findElement(ElementLocation.java:162)
	at org.openqa.selenium.remote.ElementLocation.findElement(ElementLocation.java:60)
	at org.openqa.selenium.remote.RemoteWebDriver.findElement(RemoteWebDriver.java:365)
	at org.openqa.selenium.remote.RemoteWebDriver.findElement(RemoteWebDriver.java:357)
	at org.openqa.selenium.support.pagefactory.DefaultElementLocator.findElement(DefaultElementLocator.java:70)
	at org.openqa.selenium.support.pagefactory.internal.LocatingElementHandler.invoke(LocatingElementHandler.java:39)
	at com.sun.proxy.$Proxy21.isDisplayed(Unknown Source)
	at org.openqa.selenium.support.ui.ExpectedConditions.elementIfVisible(ExpectedConditions.java:307)
	at org.openqa.selenium.support.ui.ExpectedConditions.access$000(ExpectedConditions.java:40)
	at org.openqa.selenium.support.ui.ExpectedConditions$10.apply(ExpectedConditions.java:293)
	at org.openqa.selenium.support.ui.ExpectedConditions$10.apply(ExpectedConditions.java:290)
	at org.openqa.selenium.support.ui.FluentWait.until(FluentWait.java:208)
	... 30 more
... Removed 31 stack frames</div></td></tr></table><p class="totop"><a href="#summary">back to summary</a></p>
<h3 id="m1">com.qa.linkedin.testcases.LinkedInSearchResultsPageTest#doPeoplesSearchTest</h3><table class="result"><tr><th>Exception</th></tr><tr><td><div class="stacktrace">java.lang.RuntimeException: java.lang.NoSuchMethodError: org.apache.logging.log4j.Logger.atDebug()Lorg/apache/logging/log4j/LogBuilder;
	at java.base/java.util.ArrayList.forEach(ArrayList.java:1541)
Caused by: java.lang.NoSuchMethodError: org.apache.logging.log4j.Logger.atDebug()Lorg/apache/logging/log4j/LogBuilder;
	at org.apache.poi.openxml4j.opc.PackageRelationshipCollection.parseRelationshipsPart(PackageRelationshipCollection.java:300)
	at org.apache.poi.openxml4j.opc.PackageRelationshipCollection.&lt;init&gt;(PackageRelationshipCollection.java:159)
	at org.apache.poi.openxml4j.opc.PackageRelationshipCollection.&lt;init&gt;(PackageRelationshipCollection.java:129)
	at org.apache.poi.openxml4j.opc.PackagePart.loadRelationships(PackagePart.java:566)
	at org.apache.poi.openxml4j.opc.OPCPackage.getParts(OPCPackage.java:742)
	at org.apache.poi.openxml4j.opc.OPCPackage.open(OPCPackage.java:315)
	at org.apache.poi.ooxml.util.PackageHelper.open(PackageHelper.java:47)
	at org.apache.poi.xssf.usermodel.XSSFWorkbook.&lt;init&gt;(XSSFWorkbook.java:296)
	at com.qa.linkedin.util.ExcelUtils.getTestData(ExcelUtils.java:38)
	at com.qa.linkedin.testcases.LinkedInSearchResultsPageTest.getData(LinkedInSearchResultsPageTest.java:60)
	... 25 more
... Removed 32 stack frames</div></td></tr></table><p class="totop"><a href="#summary">back to summary</a></p>
<h3 id="m2">com.qa.linkedin.testcases.LinkedInSearchResultsPageTest#doLogoutTest</h3><table class="result"><tr><th>Exception</th></tr><tr><td><div class="stacktrace">java.lang.Throwable: Method com.qa.linkedin.testcases.LinkedInSearchResultsPageTest.doLogoutTest() on instance com.qa.linkedin.testcases.LinkedInSearchResultsPageTest@314b8f2d depends on not successfully finished methods 
[com.qa.linkedin.testcases.LinkedInSearchResultsPageTest.doPeoplesSearchTest() on instance com.qa.linkedin.testcases.LinkedInSearchResultsPageTest@314b8f2d]
	at java.base/java.util.ArrayList.forEach(ArrayList.java:1541)
... Removed 18 stack frames</div></td></tr></table><p class="totop"><a href="#summary">back to summary</a></p>
<h3 id="m3">com.qa.linkedin.testcases.LinkedInFeedPageTest#doLoginTest</h3><table class="result"><tr><th class="invisible"/></tr></table><p class="totop"><a href="#summary">back to summary</a></p>
<h3 id="m4">com.qa.linkedin.testcases.LinkedInFeedPageTest#navigateToLoginPageTest</h3><table class="result"><tr><th class="invisible"/></tr></table><p class="totop"><a href="#summary">back to summary</a></p>
<h3 id="m5">com.qa.linkedin.testcases.LinkedInFeedPageTest#verifyFeedPageTitleTest</h3><table class="result"><tr><th class="invisible"/></tr></table><p class="totop"><a href="#summary">back to summary</a></p>
<h3 id="m6">com.qa.linkedin.testcases.LinkedInFeedPageTest#verifyProfileRailCardTest</h3><table class="result"><tr><th class="invisible"/></tr></table><p class="totop"><a href="#summary">back to summary</a></p>
<h3 id="m7">com.qa.linkedin.testcases.LinkedInHomePageTest#verifyLinkedinHomePageTitleTest</h3><table class="result"><tr><th class="invisible"/></tr></table><p class="totop"><a href="#summary">back to summary</a></p>
<h3 id="m8">com.qa.linkedin.testcases.LinkedInHomePageTest#verifyLinkedinLogoTest</h3><table class="result"><tr><th class="invisible"/></tr></table><p class="totop"><a href="#summary">back to summary</a></p>
<h3 id="m9">com.qa.linkedin.testcases.LinkedInLoginPageTest#navigateToLoginPageTest</h3><table class="result"><tr><th class="invisible"/></tr></table><p class="totop"><a href="#summary">back to summary</a></p>
<h3 id="m10">com.qa.linkedin.testcases.LinkedInLoginPageTest#verifyLinkedinLoginPageTitleTest</h3><table class="result"><tr><th class="invisible"/></tr></table><p class="totop"><a href="#summary">back to summary</a></p>
<h3 id="m11">com.qa.linkedin.testcases.LinkedInLoginPageTest#verifyLinkedinSigninHeaderTextTest</h3><table class="result"><tr><th class="invisible"/></tr></table><p class="totop"><a href="#summary">back to summary</a></p>
<h3 id="m12">com.qa.linkedin.testcases.LinkedInSearchResultsPageTest#doLoginTest</h3><table class="result"><tr><th class="invisible"/></tr></table><p class="totop"><a href="#summary">back to summary</a></p>
<h3 id="m13">com.qa.linkedin.testcases.LinkedInSearchResultsPageTest#navigateToLoginPageTest</h3><table class="result"><tr><th class="invisible"/></tr></table><p class="totop"><a href="#summary">back to summary</a></p>
</body>
</html>
